# JRE version: OpenJDK Runtime Environment (8.0_152-b02) (build 1.8.0_152-release-1024-b02)
# Java VM: OpenJDK 64-Bit Server VM (25.152-b02 mixed mode windows-amd64 compressed oops)
Heap:
 PSYoungGen      total 375296K, used 246820K [0x00000000e0000000, 0x00000000f7b80000, 0x0000000100000000)
  eden space 362496K, 65% used [0x00000000e0000000,0x00000000ee973af8,0x00000000f6200000)
  from space 12800K, 60% used [0x00000000f6200000,0x00000000f69955b0,0x00000000f6e80000)
  to   space 12288K, 0% used [0x00000000f6f80000,0x00000000f6f80000,0x00000000f7b80000)
 ParOldGen       total 173056K, used 81086K [0x00000000a0000000, 0x00000000aa900000, 0x00000000e0000000)
  object space 173056K, 46% used [0x00000000a0000000,0x00000000a4f2fb00,0x00000000aa900000)
 Metaspace       used 96730K, capacity 103270K, committed 103464K, reserved 1140736K
  class space    used 11817K, capacity 13012K, committed 13104K, reserved 1048576K
GC Heap History (10 events):
Event: 16619.022 GC heap before
{Heap before GC invocations=95 (full 4):
 PSYoungGen      total 372224K, used 361826K [0x00000000e0000000, 0x00000000f7980000, 0x0000000100000000)
  eden space 358912K, 99% used [0x00000000e0000000,0x00000000f5d9ca98,0x00000000f5e80000)
  from space 13312K, 28% used [0x00000000f6c80000,0x00000000f703c0b0,0x00000000f7980000)
  to   space 13824K, 0% used [0x00000000f5e80000,0x00000000f5e80000,0x00000000f6c00000)
 ParOldGen       total 173056K, used 80470K [0x00000000a0000000, 0x00000000aa900000, 0x00000000e0000000)
  object space 173056K, 46% used [0x00000000a0000000,0x00000000a4e95a80,0x00000000aa900000)
 Metaspace       used 96511K, capacity 103054K, committed 103464K, reserved 1140736K
  class space    used 11806K, capacity 13008K, committed 13104K, reserved 1048576K
Event: 16619.039 GC heap after
Heap after GC invocations=95 (full 4):
 PSYoungGen      total 372736K, used 7893K [0x00000000e0000000, 0x00000000f7a80000, 0x0000000100000000)
  eden space 358912K, 0% used [0x00000000e0000000,0x00000000e0000000,0x00000000f5e80000)
  from space 13824K, 57% used [0x00000000f5e80000,0x00000000f6635620,0x00000000f6c00000)
  to   space 13312K, 0% used [0x00000000f6d80000,0x00000000f6d80000,0x00000000f7a80000)
 ParOldGen       total 173056K, used 80566K [0x00000000a0000000, 0x00000000aa900000, 0x00000000e0000000)
  object space 173056K, 46% used [0x00000000a0000000,0x00000000a4eada90,0x00000000aa900000)
 Metaspace       used 96511K, capacity 103054K, committed 103464K, reserved 1140736K
  class space    used 11806K, capacity 13008K, committed 13104K, reserved 1048576K
}
Event: 16682.430 GC heap before
{Heap before GC invocations=96 (full 4):
 PSYoungGen      total 372736K, used 366041K [0x00000000e0000000, 0x00000000f7a80000, 0x0000000100000000)
  eden space 358912K, 99% used [0x00000000e0000000,0x00000000f5dc1010,0x00000000f5e80000)
  from space 13824K, 57% used [0x00000000f5e80000,0x00000000f6635620,0x00000000f6c00000)
  to   space 13312K, 0% used [0x00000000f6d80000,0x00000000f6d80000,0x00000000f7a80000)
 ParOldGen       total 173056K, used 80566K [0x00000000a0000000, 0x00000000aa900000, 0x00000000e0000000)
  object space 173056K, 46% used [0x00000000a0000000,0x00000000a4eada90,0x00000000aa900000)
 Metaspace       used 96558K, capacity 103118K, committed 103464K, reserved 1140736K
  class space    used 11808K, capacity 13008K, committed 13104K, reserved 1048576K
Event: 16682.452 GC heap after
Heap after GC invocations=96 (full 4):
 PSYoungGen      total 374272K, used 8355K [0x00000000e0000000, 0x00000000f7a80000, 0x0000000100000000)
  eden space 360960K, 0% used [0x00000000e0000000,0x00000000e0000000,0x00000000f6080000)
  from space 13312K, 62% used [0x00000000f6d80000,0x00000000f75a8f08,0x00000000f7a80000)
  to   space 13312K, 0% used [0x00000000f6080000,0x00000000f6080000,0x00000000f6d80000)
 ParOldGen       total 173056K, used 80598K [0x00000000a0000000, 0x00000000aa900000, 0x00000000e0000000)
  object space 173056K, 46% used [0x00000000a0000000,0x00000000a4eb5a90,0x00000000aa900000)
 Metaspace       used 96558K, capacity 103118K, committed 103464K, reserved 1140736K
  class space    used 11808K, capacity 13008K, committed 13104K, reserved 1048576K
}
Event: 16810.613 GC heap before
{Heap before GC invocations=97 (full 4):
 PSYoungGen      total 374272K, used 369315K [0x00000000e0000000, 0x00000000f7a80000, 0x0000000100000000)
  eden space 360960K, 100% used [0x00000000e0000000,0x00000000f6080000,0x00000000f6080000)
  from space 13312K, 62% used [0x00000000f6d80000,0x00000000f75a8f08,0x00000000f7a80000)
  to   space 13312K, 0% used [0x00000000f6080000,0x00000000f6080000,0x00000000f6d80000)
 ParOldGen       total 173056K, used 80598K [0x00000000a0000000, 0x00000000aa900000, 0x00000000e0000000)
  object space 173056K, 46% used [0x00000000a0000000,0x00000000a4eb5a90,0x00000000aa900000)
 Metaspace       used 96577K, capacity 103124K, committed 103464K, reserved 1140736K
  class space    used 11812K, capacity 13009K, committed 13104K, reserved 1048576K
Event: 16810.631 GC heap after
Heap after GC invocations=97 (full 4):
 PSYoungGen      total 374272K, used 8960K [0x00000000e0000000, 0x00000000f7c00000, 0x0000000100000000)
  eden space 360960K, 0% used [0x00000000e0000000,0x00000000e0000000,0x00000000f6080000)
  from space 13312K, 67% used [0x00000000f6080000,0x00000000f69400b0,0x00000000f6d80000)
  to   space 13312K, 0% used [0x00000000f6f00000,0x00000000f6f00000,0x00000000f7c00000)
 ParOldGen       total 173056K, used 80838K [0x00000000a0000000, 0x00000000aa900000, 0x00000000e0000000)
  object space 173056K, 46% used [0x00000000a0000000,0x00000000a4ef1ac0,0x00000000aa900000)
 Metaspace       used 96577K, capacity 103124K, committed 103464K, reserved 1140736K
  class space    used 11812K, capacity 13009K, committed 13104K, reserved 1048576K
}
Event: 16844.794 GC heap before
{Heap before GC invocations=98 (full 4):
 PSYoungGen      total 374272K, used 369920K [0x00000000e0000000, 0x00000000f7c00000, 0x0000000100000000)
  eden space 360960K, 100% used [0x00000000e0000000,0x00000000f6080000,0x00000000f6080000)
  from space 13312K, 67% used [0x00000000f6080000,0x00000000f69400b0,0x00000000f6d80000)
  to   space 13312K, 0% used [0x00000000f6f00000,0x00000000f6f00000,0x00000000f7c00000)
 ParOldGen       total 173056K, used 80838K [0x00000000a0000000, 0x00000000aa900000, 0x00000000e0000000)
  object space 173056K, 46% used [0x00000000a0000000,0x00000000a4ef1ac0,0x00000000aa900000)
 Metaspace       used 96589K, capacity 103124K, committed 103464K, reserved 1140736K
  class space    used 11813K, capacity 13009K, committed 13104K, reserved 1048576K
Event: 16844.819 GC heap after
Heap after GC invocations=98 (full 4):
 PSYoungGen      total 374784K, used 8557K [0x00000000e0000000, 0x00000000f7b00000, 0x0000000100000000)
  eden space 362496K, 0% used [0x00000000e0000000,0x00000000e0000000,0x00000000f6200000)
  from space 12288K, 69% used [0x00000000f6f00000,0x00000000f775b7d0,0x00000000f7b00000)
  to   space 12800K, 0% used [0x00000000f6200000,0x00000000f6200000,0x00000000f6e80000)
 ParOldGen       total 173056K, used 81054K [0x00000000a0000000, 0x00000000aa900000, 0x00000000e0000000)
  object space 173056K, 46% used [0x00000000a0000000,0x00000000a4f27b00,0x00000000aa900000)
 Metaspace       used 96589K, capacity 103124K, committed 103464K, reserved 1140736K
  class space    used 11813K, capacity 13009K, committed 13104K, reserved 1048576K
}
Event: 16942.506 GC heap before
{Heap before GC invocations=99 (full 4):
 PSYoungGen      total 374784K, used 370676K [0x00000000e0000000, 0x00000000f7b00000, 0x0000000100000000)
  eden space 362496K, 99% used [0x00000000e0000000,0x00000000f61a1aa8,0x00000000f6200000)
  from space 12288K, 69% used [0x00000000f6f00000,0x00000000f775b7d0,0x00000000f7b00000)
  to   space 12800K, 0% used [0x00000000f6200000,0x00000000f6200000,0x00000000f6e80000)
 ParOldGen       total 173056K, used 81054K [0x00000000a0000000, 0x00000000aa900000, 0x00000000e0000000)
  object space 173056K, 46% used [0x00000000a0000000,0x00000000a4f27b00,0x00000000aa900000)
 Metaspace       used 96716K, capacity 103206K, committed 103464K, reserved 1140736K
  class space    used 11817K, capacity 13012K, committed 13104K, reserved 1048576K
Event: 16942.526 GC heap after
Heap after GC invocations=99 (full 4):
 PSYoungGen      total 375296K, used 7765K [0x00000000e0000000, 0x00000000f7b80000, 0x0000000100000000)
  eden space 362496K, 0% used [0x00000000e0000000,0x00000000e0000000,0x00000000f6200000)
  from space 12800K, 60% used [0x00000000f6200000,0x00000000f69955b0,0x00000000f6e80000)
  to   space 12288K, 0% used [0x00000000f6f80000,0x00000000f6f80000,0x00000000f7b80000)
 ParOldGen       total 173056K, used 81086K [0x00000000a0000000, 0x00000000aa900000, 0x00000000e0000000)
  object space 173056K, 46% used [0x00000000a0000000,0x00000000a4f2fb00,0x00000000aa900000)
 Metaspace       used 96716K, capacity 103206K, committed 103464K, reserved 1140736K
  class space    used 11817K, capacity 13012K, committed 13104K, reserved 1048576K
}

